0 info it worked if it ends with ok
1 verbose cli [ '/home/michael/.nvm/versions/node/v6.13.0/bin/node',
1 verbose cli   '/home/michael/.nvm/versions/node/v6.13.0/bin/npm',
1 verbose cli   'run',
1 verbose cli   'react:compile' ]
2 info using npm@3.10.10
3 info using node@v6.13.0
4 verbose stack Error: ENOENT: no such file or directory, open '/mnt/e/GitHub/Hack Reactor/immersive/self assessments/hrr45-self-assessment-week-09-v1r/package.json'
4 verbose stack     at Error (native)
5 verbose cwd /mnt/e/GitHub/Hack Reactor/immersive/self assessments/hrr45-self-assessment-week-09-v1r
6 error Linux 4.4.0-18362-Microsoft
7 error argv "/home/michael/.nvm/versions/node/v6.13.0/bin/node" "/home/michael/.nvm/versions/node/v6.13.0/bin/npm" "run" "react:compile"
8 error node v6.13.0
9 error npm  v3.10.10
10 error path /mnt/e/GitHub/Hack Reactor/immersive/self assessments/hrr45-self-assessment-week-09-v1r/package.json
11 error code ENOENT
12 error errno -2
13 error syscall open
14 error enoent ENOENT: no such file or directory, open '/mnt/e/GitHub/Hack Reactor/immersive/self assessments/hrr45-self-assessment-week-09-v1r/package.json'
15 error enoent ENOENT: no such file or directory, open '/mnt/e/GitHub/Hack Reactor/immersive/self assessments/hrr45-self-assessment-week-09-v1r/package.json'
15 error enoent This is most likely not a problem with npm itself
15 error enoent and is related to npm not being able to find a file.
16 verbose exit [ -2, true ]
