0 info it worked if it ends with ok
1 verbose cli [ '/home/michael/.nvm/versions/node/v6.13.0/bin/node',
1 verbose cli   '/home/michael/.nvm/versions/node/v6.13.0/bin/npm',
1 verbose cli   'start' ]
2 info using npm@3.10.10
3 info using node@v6.13.0
4 verbose run-script [ 'prestart', 'start', 'poststart' ]
5 info lifecycle back-end-meetup@1.0.0~prestart: back-end-meetup@1.0.0
6 silly lifecycle back-end-meetup@1.0.0~prestart: no script for prestart, continuing
7 info lifecycle back-end-meetup@1.0.0~start: back-end-meetup@1.0.0
8 verbose lifecycle back-end-meetup@1.0.0~start: unsafe-perm in lifecycle true
9 verbose lifecycle back-end-meetup@1.0.0~start: PATH: /home/michael/.nvm/versions/node/v6.13.0/lib/node_modules/npm/bin/node-gyp-bin:/mnt/e/GitHub/Hack Reactor/immersive/self assessments/hrr45-self-assessment-week-09-v1r/meetup-back-end/node_modules/.bin:/home/michael/.nvm/versions/node/v6.13.0/bin:/usr/local/sbin:/usr/local/bin:/usr/sbin:/usr/bin:/sbin:/bin:/usr/games:/usr/local/games:/mnt/c/Python27/:/mnt/c/Python27/Scripts:/mnt/c/WINDOWS/system32:/mnt/c/WINDOWS:/mnt/c/WINDOWS/System32/Wbem:/mnt/c/WINDOWS/System32/WindowsPowerShell/v1.0/:/mnt/c/WINDOWS/System32/OpenSSH/:/mnt/e/nodejs/:/mnt/c/ProgramData/chocolatey/bin:/mnt/e/Git/cmd:/mnt/c/Program Files/PuTTY/:/mnt/c/Users/micha/AppData/Local/Microsoft/WindowsApps:/mnt/c/Users/micha/AppData/Local/atom/bin:/mnt/c/Users/micha/AppData/Roaming/npm:/mnt/c/Users/micha/AppData/Local/Programs/Microsoft VS Code/bin:/mnt/c/Users/micha/AppData/Local/Microsoft/WindowsApps:/mnt/c/Program Files/heroku/bin:/snap/bin
10 verbose lifecycle back-end-meetup@1.0.0~start: CWD: /mnt/e/GitHub/Hack Reactor/immersive/self assessments/hrr45-self-assessment-week-09-v1r/meetup-back-end
11 silly lifecycle back-end-meetup@1.0.0~start: Args: [ '-c', 'nodemon ./server/index.js' ]
12 silly lifecycle back-end-meetup@1.0.0~start: Returned: code: 1  signal: null
13 info lifecycle back-end-meetup@1.0.0~start: Failed to exec start script
14 verbose stack Error: back-end-meetup@1.0.0 start: `nodemon ./server/index.js`
14 verbose stack Exit status 1
14 verbose stack     at EventEmitter.<anonymous> (/home/michael/.nvm/versions/node/v6.13.0/lib/node_modules/npm/lib/utils/lifecycle.js:255:16)
14 verbose stack     at emitTwo (events.js:106:13)
14 verbose stack     at EventEmitter.emit (events.js:191:7)
14 verbose stack     at ChildProcess.<anonymous> (/home/michael/.nvm/versions/node/v6.13.0/lib/node_modules/npm/lib/utils/spawn.js:40:14)
14 verbose stack     at emitTwo (events.js:106:13)
14 verbose stack     at ChildProcess.emit (events.js:191:7)
14 verbose stack     at maybeClose (internal/child_process.js:920:16)
14 verbose stack     at Process.ChildProcess._handle.onexit (internal/child_process.js:230:5)
15 verbose pkgid back-end-meetup@1.0.0
16 verbose cwd /mnt/e/GitHub/Hack Reactor/immersive/self assessments/hrr45-self-assessment-week-09-v1r/meetup-back-end
17 error Linux 4.4.0-18362-Microsoft
18 error argv "/home/michael/.nvm/versions/node/v6.13.0/bin/node" "/home/michael/.nvm/versions/node/v6.13.0/bin/npm" "start"
19 error node v6.13.0
20 error npm  v3.10.10
21 error code ELIFECYCLE
22 error back-end-meetup@1.0.0 start: `nodemon ./server/index.js`
22 error Exit status 1
23 error Failed at the back-end-meetup@1.0.0 start script 'nodemon ./server/index.js'.
23 error Make sure you have the latest version of node.js and npm installed.
23 error If you do, this is most likely a problem with the back-end-meetup package,
23 error not with npm itself.
23 error Tell the author that this fails on your system:
23 error     nodemon ./server/index.js
23 error You can get information on how to open an issue for this project with:
23 error     npm bugs back-end-meetup
23 error Or if that isn't available, you can get their info via:
23 error     npm owner ls back-end-meetup
23 error There is likely additional logging output above.
24 verbose exit [ 1, true ]
